<?xml version="1.0" encoding="UTF-8" ?>
<testsuite tests="21" failures="0" name="TestSuite" time="81.001" errors="0" skipped="0">
  <properties>
    <property name="java.runtime.name" value="Java(TM) SE Runtime Environment"/>
    <property name="java.vm.version" value="9.0.4+11"/>
    <property name="sun.boot.library.path" value="/Library/Java/JavaVirtualMachines/jdk-9.0.4.jdk/Contents/Home/lib"/>
    <property name="gopherProxySet" value="false"/>
    <property name="java.vm.vendor" value="Oracle Corporation"/>
    <property name="java.vendor.url" value="http://java.oracle.com/"/>
    <property name="path.separator" value=":"/>
    <property name="java.vm.name" value="Java HotSpot(TM) 64-Bit Server VM"/>
    <property name="file.encoding.pkg" value="sun.io"/>
    <property name="sun.os.patch.level" value="unknown"/>
    <property name="user.country" value="CN"/>
    <property name="sun.java.launcher" value="SUN_STANDARD"/>
    <property name="java.vm.specification.name" value="Java Virtual Machine Specification"/>
    <property name="user.dir" value="/Users/wangge/IdeaProjects/HttpTest/target"/>
    <property name="java.vm.compressedOopsMode" value="Zero based"/>
    <property name="java.runtime.version" value="9.0.4+11"/>
    <property name="java.awt.graphicsenv" value="sun.awt.CGraphicsEnvironment"/>
    <property name="basedir" value="/Users/wangge/IdeaProjects/HttpTest"/>
    <property name="os.arch" value="x86_64"/>
    <property name="java.io.tmpdir" value="/var/folders/vz/xjd3gf7j2msgkxvltz1_w2_80000gn/T/"/>
    <property name="line.separator" value="
"/>
    <property name="java.vm.specification.vendor" value="Oracle Corporation"/>
    <property name="os.name" value="Mac OS X"/>
    <property name="sun.jnu.encoding" value="UTF-8"/>
    <property name="java.library.path" value="/Users/wangge/Library/Java/Extensions:/Library/Java/Extensions:/Network/Library/Java/Extensions:/System/Library/Java/Extensions:/usr/lib/java:."/>
    <property name="jdk.debug" value="release"/>
    <property name="java.class.version" value="53.0"/>
    <property name="java.specification.name" value="Java Platform API Specification"/>
    <property name="sun.management.compiler" value="HotSpot 64-Bit Tiered Compilers"/>
    <property name="os.version" value="10.14.6"/>
    <property name="user.home" value="/Users/wangge"/>
    <property name="user.timezone" value="Asia/Shanghai"/>
    <property name="java.awt.printerjob" value="sun.lwawt.macosx.CPrinterJob"/>
    <property name="file.encoding" value="UTF-8"/>
    <property name="java.specification.version" value="9"/>
    <property name="user.name" value="wangge"/>
    <property name="java.class.path" value="/Users/wangge/IdeaProjects/HttpTest/target/surefire/surefirebooter17249956350989219503.jar"/>
    <property name="java.vm.specification.version" value="9"/>
    <property name="sun.arch.data.model" value="64"/>
    <property name="sun.java.command" value="/Users/wangge/IdeaProjects/HttpTest/target/surefire/surefirebooter17249956350989219503.jar /Users/wangge/IdeaProjects/HttpTest/target/surefire/surefire15957187584031107302tmp /Users/wangge/IdeaProjects/HttpTest/target/surefire/surefire16547279240837858397tmp"/>
    <property name="java.home" value="/Library/Java/JavaVirtualMachines/jdk-9.0.4.jdk/Contents/Home"/>
    <property name="user.language" value="zh"/>
    <property name="java.specification.vendor" value="Oracle Corporation"/>
    <property name="awt.toolkit" value="sun.lwawt.macosx.LWCToolkit"/>
    <property name="java.vm.info" value="mixed mode"/>
    <property name="java.version" value="9.0.4"/>
    <property name="java.vendor" value="Oracle Corporation"/>
    <property name="localRepository" value="/Users/wangge/.m2/repository"/>
    <property name="file.separator" value="/"/>
    <property name="java.vendor.url.bug" value="http://bugreport.java.com/bugreport/"/>
    <property name="sun.io.unicode.encoding" value="UnicodeBig"/>
    <property name="sun.cpu.endian" value="little"/>
    <property name="sun.cpu.isalist" value=""/>
  </properties>
  <testcase classname="com.qa.test.reqres.GetListUsersTest" name="getListUsersTest" time="69.151"/>
  <testcase classname="com.qa.test.reqres.GetListUsersTest" name="getListUsersTest" time="69.156"/>
  <testcase classname="com.qa.test.reqres.LoginTest" name="loginTest" time="0.052"/>
  <testcase classname="com.qa.test.reqres.GetListUsersTest" name="getListUsersTest" time="0.714"/>
  <testcase classname="com.qa.test.reqres.GetListUsersTest" name="getListUsersTest" time="0.207"/>
  <testcase classname="com.qa.test.reqres.GetListUsersTest" name="getListUsersTest" time="0.606"/>
  <testcase classname="com.qa.test.reqres.GetListUsersTest" name="getListUsersTest" time="0.158"/>
  <testcase classname="com.qa.test.reqres.GetListUsersTest" name="getListUsersTest" time="0.584"/>
  <testcase classname="com.qa.test.reqres.GetListUsersTest" name="getListUsersTest" time="0.178"/>
  <testcase classname="com.qa.test.reqres.GetListUsersTest" name="getListUsersTest" time="0.687"/>
  <testcase classname="com.qa.test.reqres.GetListUsersTest" name="getListUsersTest" time="0.001"/>
  <testcase classname="com.qa.test.reqres.GetListUsersTest" name="getListUsersTest" time="0.64"/>
  <testcase classname="com.qa.test.reqres.GetListUsersTest" name="getListUsersTest" time="0.018"/>
  <testcase classname="com.qa.test.reqres.GetListUsersTest" name="getListUsersTest" time="0.665"/>
  <testcase classname="com.qa.test.reqres.GetListUsersTest" name="getListUsersTest" time="0.111"/>
  <testcase classname="com.qa.test.reqres.GetListUsersTest" name="getListUsersTest" time="0.685"/>
  <testcase classname="com.qa.test.reqres.GetListUsersTest" name="getListUsersTest" time="0.828"/>
  <testcase classname="com.qa.test.reqres.GetListUsersTest" name="getListUsersTest" time="0.842"/>
  <testcase classname="com.qa.test.reqres.GetListUsersTest" name="getListUsersTest" time="0.916"/>
  <testcase classname="com.qa.test.reqres.GetListUsersTest" name="getListUsersTest" time="0.773"/>
  <testcase classname="com.qa.test.reqres.GetListUsersTest" name="getListUsersTest" time="0.864"/>
</testsuite>