<?xml version="1.0" encoding="UTF-8"?>
<!-- Generated by org.testng.reporters.JUnitReportReporter -->
<testsuite hostname="localhost" failures="0" tests="1" name="com.qa.test.reqres.LoginTest" time="1.835" errors="0" timestamp="24 7æœˆ 2021 08:52:42 GMT" skipped="0">
  <testcase classname="com.qa.test.reqres.LoginTest" name="loginTest" time="1.835"/>
</testsuite> <!-- com.qa.test.reqres.LoginTest -->
